c:\users\jip\documents\school\c++1\text_adventure\eindopdracht\eindopdracht\x64\debug\eindopdracht.pch
c:\users\jip\documents\school\c++1\text_adventure\eindopdracht\eindopdracht\x64\debug\vc140.pdb
c:\users\jip\documents\school\c++1\text_adventure\eindopdracht\eindopdracht\x64\debug\vc140.idb
c:\users\jip\documents\school\c++1\text_adventure\eindopdracht\eindopdracht\x64\debug\stdafx.obj
c:\users\jip\documents\school\c++1\text_adventure\eindopdracht\eindopdracht\x64\debug\armour.obj
c:\users\jip\documents\school\c++1\text_adventure\eindopdracht\eindopdracht\x64\debug\enemy.obj
c:\users\jip\documents\school\c++1\text_adventure\eindopdracht\eindopdracht\x64\debug\gamecontroller.obj
c:\users\jip\documents\school\c++1\text_adventure\eindopdracht\eindopdracht\x64\debug\hero.obj
c:\users\jip\documents\school\c++1\text_adventure\eindopdracht\eindopdracht\x64\debug\item.obj
c:\users\jip\documents\school\c++1\text_adventure\eindopdracht\eindopdracht\x64\debug\main.obj
c:\users\jip\documents\school\c++1\text_adventure\eindopdracht\eindopdracht\x64\debug\random.obj
c:\users\jip\documents\school\c++1\text_adventure\eindopdracht\eindopdracht\x64\debug\room.obj
c:\users\jip\documents\school\c++1\text_adventure\eindopdracht\eindopdracht\x64\debug\shield.obj
c:\users\jip\documents\school\c++1\text_adventure\eindopdracht\eindopdracht\x64\debug\trap.obj
c:\users\jip\documents\school\c++1\text_adventure\eindopdracht\eindopdracht\x64\debug\weapon.obj
c:\users\jip\documents\school\c++1\text_adventure\eindopdracht\eindopdracht\x64\debug\map.obj
c:\users\jip\documents\school\c++1\text_adventure\eindopdracht\eindopdracht\x64\debug\roomgenerator.obj
c:\users\jip\documents\school\c++1\text_adventure\eindopdracht\x64\debug\eindopdracht.ilk
c:\users\jip\documents\school\c++1\text_adventure\eindopdracht\x64\debug\eindopdracht.exe
c:\users\jip\documents\school\c++1\text_adventure\eindopdracht\x64\debug\eindopdracht.pdb
c:\users\jip\documents\school\c++1\text_adventure\eindopdracht\eindopdracht\x64\debug\eindopdracht.tlog\cl.command.1.tlog
c:\users\jip\documents\school\c++1\text_adventure\eindopdracht\eindopdracht\x64\debug\eindopdracht.tlog\cl.read.1.tlog
c:\users\jip\documents\school\c++1\text_adventure\eindopdracht\eindopdracht\x64\debug\eindopdracht.tlog\cl.write.1.tlog
c:\users\jip\documents\school\c++1\text_adventure\eindopdracht\eindopdracht\x64\debug\eindopdracht.tlog\link.command.1.tlog
c:\users\jip\documents\school\c++1\text_adventure\eindopdracht\eindopdracht\x64\debug\eindopdracht.tlog\link.read.1.tlog
c:\users\jip\documents\school\c++1\text_adventure\eindopdracht\eindopdracht\x64\debug\eindopdracht.tlog\link.write.1.tlog
